{
  "stats": {
    "suites": 1,
    "tests": 2,
    "passes": 2,
    "pending": 0,
    "failures": 0,
    "start": "2023-01-12T05:27:42.616Z",
    "end": "2023-01-12T05:28:48.376Z",
    "duration": 65760,
    "testsRegistered": 2,
    "passPercent": 100,
    "pendingPercent": 0,
    "other": 0,
    "hasOther": false,
    "skipped": 0,
    "hasSkipped": false
  },
  "results": [
    {
      "uuid": "54709a8f-f3bf-43fe-9250-77ffea34f7a6",
      "title": "",
      "fullFile": "cypress\\e2e\\annex53\\applyRecognition.cy.js",
      "file": "cypress\\e2e\\annex53\\applyRecognition.cy.js",
      "beforeHooks": [],
      "afterHooks": [],
      "tests": [],
      "suites": [
        {
          "uuid": "338c02de-d714-4ff7-8a3e-7d97870ea738",
          "title": "Apply Testing Laboratory Recognition",
          "fullFile": "",
          "file": "",
          "beforeHooks": [],
          "afterHooks": [],
          "tests": [
            {
              "title": "Login as Testing Laboratory",
              "fullTitle": "Apply Testing Laboratory Recognition Login as Testing Laboratory",
              "timedOut": null,
              "duration": 20107,
              "state": "passed",
              "speed": "slow",
              "pass": true,
              "fail": false,
              "pending": false,
              "context": null,
              "code": "cy.visit('/TLDashboard');\ncy.get('.name').should('contain', NAME);",
              "err": {},
              "uuid": "9fbfe79d-7828-4cfa-8b1e-0a2e08ef9217",
              "parentUUID": "338c02de-d714-4ff7-8a3e-7d97870ea738",
              "isHook": false,
              "skipped": false
            },
            {
              "title": "Fillup and Submit Application",
              "fullTitle": "Apply Testing Laboratory Recognition Fillup and Submit Application",
              "timedOut": null,
              "duration": 45572,
              "state": "passed",
              "speed": "slow",
              "pass": true,
              "fail": false,
              "pending": false,
              "context": null,
              "code": "cy.get('.list > :nth-child(3) > :nth-child(1)').click().should('be.visible').children().contains('Certification Management');\ncy.get(':nth-child(4) > .waves-effect').as('btnApply').click().should('be.visible');\ncy.get('@btnApply').contains('Apply for Recognition as Testing Lab Body');\n// TESTING LABORATORY DETAILS FORM\ncy.wait(1000);\ncy.get('#testLabName').type(`${payload.company}`).should('have.value', payload.company);\ncy.get('[for=\"local_address\"]').click().should('be.visible');\ncy.get('.sub-content > :nth-child(5) > :nth-child(1) > :nth-child(1) > .form-group > .form-line > .btn-group > .btn > .filter-option').click().should('be.visible');\ncy.get(':nth-child(5) > :nth-child(1) > :nth-child(1) > .form-group > .form-line > .btn-group > .open > .dropdown-menu > [data-original-index=\"1\"] > a').click();\ncy.get(':nth-child(5) > :nth-child(2) > :nth-child(1) > .form-group > .form-line > .btn-group > .btn > .filter-option').click().should('be.visible');\ncy.get(':nth-child(2) > :nth-child(1) > .form-group > .form-line > .btn-group > .open > .dropdown-menu > [data-original-index=\"1\"] > a').click();\ncy.get(':nth-child(6) > :nth-child(1) > :nth-child(1) > .form-group > .form-line > .btn-group > .btn').click().should('be.visible');\ncy.get(':nth-child(6) > :nth-child(1) > :nth-child(1) > .form-group > .form-line > .btn-group > .open > .dropdown-menu > [data-original-index=\"1\"] > a').click();\ncy.get('#brgyName').type(payload.brgy);\ncy.get('#districtName').type(payload.district);\ncy.get('#street').type(payload.street);\ncy.get('#totalNumPersonel').type('{selectall}{backspace}').type(payload.total_personel);\ncy.get(':nth-child(11) > .table > tbody > tr > :nth-child(1) > .form-group > .form-line > .form-control').type(payload.contact[0].phone);\ncy.get(':nth-child(11) > .table > tbody > tr > :nth-child(2) > .form-group > .form-line > .form-control').type(payload.contact[0].mobile);\ncy.get('#email').type(payload.email).should('have.value', payload.email);\ncy.get('#website').type(payload.website).should('have.value', payload.website);\ncy.get('#testLabManLname').type(payload.manager_lname).should('have.value', payload.manager_lname);\ncy.get('#testLabManFname').type(payload.manager_fname).should('have.value', payload.manager_fname);\ncy.get('#testLabManMname').type(payload.manager_mname).should('have.value', payload.manager_mname);\ncy.get('#testLabManSuffix').type(payload.manager_suffix).should('have.value', payload.manager_suffix);\ncy.get('#contactPerLname').type(payload.contact_person_lname).should('have.value', payload.contact_person_lname);\ncy.get('#contactPerFname').type(payload.contact_person_fname).should('have.value', payload.contact_person_fname);\ncy.get('#contactPerMname').type(payload.contact_person_mname).should('have.value', payload.contact_person_mname);\ncy.get('#contactPerSuffix').type(payload.contact_person_suffix).should('have.value', payload.contact_person_suffix);\ncy.get('#contactPerDetailsTelNo').type(payload.contact_person_telno).should('have.value', payload.contact_person_telno);\ncy.get('#contactPerDetailsMobileNo').type(payload.contact_person_mobile).should('have.value', payload.contact_person_mobile);\ncy.get('#contactPerDetailsEmail').type(payload.contact_person_email).should('have.value', payload.contact_person_email);\ncy.get('#localRepCompany').type(payload.local_rep_company).should('have.value', payload.local_rep_company);\ncy.get(':nth-child(4) > :nth-child(1) > :nth-child(1) > .form-group > .form-line > .btn-group > .btn > .filter-option').click().should('be.visible');\ncy.get(':nth-child(4) > :nth-child(1) > :nth-child(1) > .form-group > .form-line > .btn-group > .open > .dropdown-menu > [data-original-index=\"1\"] > a').click();\ncy.get(':nth-child(4) > :nth-child(2) > :nth-child(1) > .form-group > .form-line > .btn-group > .btn > .filter-option').click().should('be.visible');\ncy.get(':nth-child(4) > :nth-child(2) > :nth-child(1) > .form-group > .form-line > .btn-group > .open > .dropdown-menu > [data-original-index=\"1\"] > a').click();\ncy.get(':nth-child(21) > :nth-child(5) > :nth-child(1) > :nth-child(1) > .form-group > .form-line > .btn-group > .btn > .filter-option').click().should('be.visible');\ncy.get(':nth-child(21) > :nth-child(5) > :nth-child(1) > :nth-child(1) > .form-group > .form-line > .btn-group > .open > .dropdown-menu > [data-original-index=\"1\"] > a').click();\ncy.get('#localRepbrgyName').type(payload.local_rep_brgy).should('have.value', payload.local_rep_brgy);\ncy.get('#localRepStreet').type(payload.local_rep_street).should('have.value', payload.local_rep_street);\ncy.get(':nth-child(21) > .table-responsive > .table > tbody > tr > :nth-child(1) > .form-group > .form-line > .form-control').type(payload.local_rep_contact[0].phone).should('have.value', payload.local_rep_contact[0].phone);\ncy.get(':nth-child(21) > .table-responsive > .table > tbody > tr > :nth-child(2) > .form-group > .form-line > .form-control').type(payload.local_rep_contact[0].mobile).should('have.value', payload.local_rep_contact[0].mobile);\ncy.get('#localRepemail').type(payload.local_rep_email).should('have.value', payload.local_rep_email);\ncy.get('#localRepwebsite').type(payload.local_rep_website).should('have.value', payload.local_rep_website);\ncy.get('#authRepLname').type(payload.auth_rep_lname).should('have.value', payload.auth_rep_lname);\ncy.get('#authRepFname').type(payload.auth_rep_fname).should('have.value', payload.auth_rep_fname);\ncy.get('#authRepMname').type(payload.auth_rep_mname).should('have.value', payload.auth_rep_mname);\ncy.get('#authRepSuffix').type(payload.auth_rep_suffix).should('have.value', payload.auth_rep_suffix);\ncy.get('#authRepTelNo').type(payload.auth_rep_telno).should('have.value', payload.auth_rep_telno);\ncy.get('#authRepMobileNo').type(payload.auth_rep_mobile).should('have.value', payload.auth_rep_mobile);\ncy.get('#authRepEmail').type(payload.auth_rep_email).should('have.value', payload.auth_rep_email);\ncy.get('.buttons > .btn').click().should('be.visible');\n// GENERAL INFORMATION FORM\ncy.wait(1000);\ncy.get('#accreditation_name').type(payload.accreditions[0].name).should('have.value', payload.accreditions[0].name);\ncy.get('#accreditation_no').type(payload.accreditions[0].no).should('have.value', payload.accreditions[0].no);\ncy.get('#accreditation_validity').type(payload.accreditions[0].validity).should('have.value', payload.accreditions[0].validity);\ncy.get(':nth-child(4) > div > .btn').click().should('be.visible');\ncy.get('#fileInputAccreditation').selectFile('cypress/e2e/files/fiel-1.pdf', {\n  force: true\n});\ncy.get('#certificate_name').type(payload.accreditions[0].name).should('have.value', payload.accreditions[0].name);\ncy.get('tr > :nth-child(2) > div > .btn').click().should('be.visible');\ncy.get('#fileInputCert').selectFile('cypress/e2e/files/fiel-2.pdf', {\n  force: true\n});\ncy.get(':nth-child(2) > :nth-child(1) > .form-group > .form-line > #pns_no').type(payload.scopes[0].pnsno).should('have.value', payload.scopes[0].pnsno);\ncy.get(':nth-child(2) > :nth-child(2) > .form-group > .form-line > #standard_title').type(payload.scopes[0].title).should('have.value', payload.scopes[0].title);\ncy.get('.p-l-20').click().should('be.visible');\n// DOCUMENTS FORM\ncy.wait(1000);\ncy.get(':nth-child(1) > :nth-child(1) > .btn-primary').click().should('be.visible');\ncy.get('#fileDocument').selectFile('cypress/e2e/files/fiel-1.pdf', {\n  force: true\n});\ncy.get(':nth-child(2) > :nth-child(1) > .btn-primary').click().should('be.visible');\ncy.get('#fileDocument').selectFile('cypress/e2e/files/fiel-2.pdf', {\n  force: true\n});\ncy.get(':nth-child(3) > :nth-child(1) > .btn-primary').click().should('be.visible');\ncy.get('#fileDocument').selectFile('cypress/e2e/files/fiel-3.pdf', {\n  force: true\n});\ncy.get(':nth-child(4) > :nth-child(1) > .btn-primary').click().should('be.visible');\ncy.get('#fileDocument').selectFile('cypress/e2e/files/fiel-4.pdf', {\n  force: true\n});\ncy.get(':nth-child(5) > :nth-child(1) > .btn-primary').click().should('be.visible');\ncy.get('#fileDocument').selectFile('cypress/e2e/files/fiel-5.pdf', {\n  force: true\n});\ncy.get('.p-l-20').click().should('be.visible');\n// TERMS & CONDITIONS FORM\ncy.wait(1000);\ncy.get('label.font-bold').click().should('be.visible');\ncy.get('.btn-primary').click().should('be.visible');\ncy.get('.jconfirm-buttons > .btn-primary').as('btnOkay').click();\ncy.get('.jconfirm-content > div').should('contain', MESSAGE);",
              "err": {},
              "uuid": "181e91cf-5c2c-4ad2-9055-9617f6d3f48e",
              "parentUUID": "338c02de-d714-4ff7-8a3e-7d97870ea738",
              "isHook": false,
              "skipped": false
            }
          ],
          "suites": [],
          "passes": [
            "9fbfe79d-7828-4cfa-8b1e-0a2e08ef9217",
            "181e91cf-5c2c-4ad2-9055-9617f6d3f48e"
          ],
          "failures": [],
          "pending": [],
          "skipped": [],
          "duration": 65679,
          "root": false,
          "rootEmpty": false,
          "_timeout": 2000
        }
      ],
      "passes": [],
      "failures": [],
      "pending": [],
      "skipped": [],
      "duration": 0,
      "root": true,
      "rootEmpty": true,
      "_timeout": 2000
    }
  ],
  "meta": {
    "mocha": {
      "version": "7.0.1"
    },
    "mochawesome": {
      "options": {
        "quiet": false,
        "reportFilename": "mochawesome",
        "saveHtml": false,
        "saveJson": true,
        "consoleReporter": "spec",
        "useInlineDiffs": false,
        "code": true
      },
      "version": "7.1.3"
    },
    "marge": {
      "options": {
        "charts": true,
        "overwrite": false,
        "html": false,
        "json": true,
        "reportDir": "cypress/report/mochawesome-report"
      },
      "version": "6.2.0"
    }
  }
}